[14:52:12] [main/INFO] (FabricLoader/GameProvider) Loading Minecraft 1.18.2 with Fabric Loader 0.14.8
[14:52:12] [main/INFO] (FabricLoader) Loading 73 mods:
	- architectury 4.6.77
	- betterf3 1.2.5
	- cardinal-components-base 4.1.3 via trinkets
	- cardinal-components-entity 4.1.3 via trinkets
	- cloth-basic-math 0.6.1 via cloth-config
	- cloth-config 6.2.62 via betterf3
	- cosmetic-armor 1.3.1
	- fabric 0.58.0+1.18.2
	- fabric-api-base 0.4.4+d7c144a860
	- fabric-api-lookup-api-v1 1.6.2+2373a54560
	- fabric-biome-api-v1 8.0.6+651bcc5960
	- fabric-blockrenderlayer-v1 1.1.12+3ac43d9560
	- fabric-command-api-v1 1.1.9+d7c144a860
	- fabric-commands-v0 0.2.8+b4f4f6cd60
	- fabric-containers-v0 0.1.23+d7c144a860
	- fabric-content-registries-v0 3.1.1+c85f2e3860
	- fabric-convention-tags-v1 1.0.1+474e4f7960
	- fabric-crash-report-info-v1 0.2.1+ee261a3e60
	- fabric-data-generation-api-v1 3.0.1+9fcb91d260
	- fabric-dimensions-v1 2.1.20+489d6f8260
	- fabric-entity-events-v1 1.4.8+d7c144a860
	- fabric-events-interaction-v0 0.4.19+d7c144a860
	- fabric-events-lifecycle-v0 0.2.19+d7c144a860
	- fabric-game-rule-api-v1 1.0.13+d7c144a860
	- fabric-gametest-api-v1 1.0.19+91b7aa6660
	- fabric-item-api-v1 1.5.2+17cbbd4360
	- fabric-item-groups-v0 0.3.14+91896a4960
	- fabric-key-binding-api-v1 1.0.12+54e5b2ec60
	- fabric-keybindings-v0 0.2.10+b4f4f6cd60
	- fabric-language-kotlin 1.8.2+kotlin.1.7.10
	- fabric-lifecycle-events-v1 2.1.0+cc71601c60
	- fabric-loot-api-v2 1.1.0+1997ad1260
	- fabric-loot-tables-v1 1.1.2+e747827960
	- fabric-mining-level-api-v1 2.1.4+cc71601c60
	- fabric-models-v0 0.3.6+d7c144a860
	- fabric-networking-api-v1 1.0.23+2d30af4b60
	- fabric-networking-v0 0.3.10+b4f4f6cd60
	- fabric-object-builder-api-v1 2.1.3+032c981d60
	- fabric-particles-v1 0.2.12+526dc1ac60
	- fabric-registry-sync-v0 0.9.10+0d9ab37260
	- fabric-renderer-api-v1 0.4.13+d882b91560
	- fabric-renderer-indigo 0.5.3+41a02c8a60
	- fabric-renderer-registries-v1 3.2.11+b4f4f6cd60
	- fabric-rendering-data-attachment-v1 0.3.7+d7c144a860
	- fabric-rendering-fluids-v1 2.0.2+54e5b2ec60
	- fabric-rendering-v0 1.1.13+b4f4f6cd60
	- fabric-rendering-v1 1.10.7+54e5b2ec60
	- fabric-resource-conditions-api-v1 2.0.3+91b7aa6660
	- fabric-resource-loader-v0 0.5.2+446e059560
	- fabric-screen-api-v1 1.0.10+d882b91560
	- fabric-screen-handler-api-v1 1.2.2+1f6558e860
	- fabric-textures-v0 1.0.12+3ac43d9560
	- fabric-transfer-api-v1 1.6.3+f4563ac860
	- fabric-transitive-access-wideners-v1 1.1.0+e747827960
	- fabricloader 0.14.8
	- java 17
	- minecraft 1.18.2
	- modmenu 3.2.3
	- mousetweaks 2.22
	- org_jetbrains_kotlin_kotlin-reflect 1.7.10 via fabric-language-kotlin
	- org_jetbrains_kotlin_kotlin-stdlib 1.7.10 via fabric-language-kotlin
	- org_jetbrains_kotlin_kotlin-stdlib-jdk7 1.7.10 via fabric-language-kotlin
	- org_jetbrains_kotlin_kotlin-stdlib-jdk8 1.7.10 via fabric-language-kotlin
	- org_jetbrains_kotlinx_atomicfu-jvm 0.18.2 via fabric-language-kotlin
	- org_jetbrains_kotlinx_kotlinx-coroutines-core-jvm 1.6.4 via fabric-language-kotlin
	- org_jetbrains_kotlinx_kotlinx-coroutines-jdk8 1.6.4 via fabric-language-kotlin
	- org_jetbrains_kotlinx_kotlinx-datetime-jvm 0.4.0 via fabric-language-kotlin
	- org_jetbrains_kotlinx_kotlinx-serialization-cbor-jvm 1.3.3 via fabric-language-kotlin
	- org_jetbrains_kotlinx_kotlinx-serialization-core-jvm 1.3.3 via fabric-language-kotlin
	- org_jetbrains_kotlinx_kotlinx-serialization-json-jvm 1.3.3 via fabric-language-kotlin
	- roughlyenoughitems 8.3.510
	- seafoamstuff 1.0.0
	- trinkets 3.3.1
[14:52:17] [main/INFO] (FabricLoader/Mixin) SpongePowered MIXIN Subsystem Version=0.8.5 Source=file:/C:/Users/rbxde/.gradle/caches/modules-2/files-2.1/net.fabricmc/sponge-mixin/0.11.4+mixin.0.8.5/c1dc27696aa4006e492c2485c9ccbcb26045a971/sponge-mixin-0.11.4+mixin.0.8.5.jar Service=Knot/Fabric Env=CLIENT
[14:52:17] [main/INFO] (FabricLoader/Mixin) Loaded Fabric development mappings for mixin remapper!
[14:52:17] [main/INFO] (FabricLoader/Mixin) Compatibility level set to JAVA_16
[14:52:17] [main/INFO] (FabricLoader/Mixin) Compatibility level set to JAVA_17
[14:52:19] [main/WARN] (FileUtil) Configuration conflict: there is more than one oshi.properties file on the classpath
[14:52:19] [main/WARN] (FileUtil) Configuration conflict: there is more than one oshi.architecture.properties file on the classpath
[14:52:26] [Render thread/INFO] (Minecraft) Environment: authHost='https://authserver.mojang.com', accountsHost='https://api.mojang.com', sessionHost='https://sessionserver.mojang.com', servicesHost='https://api.minecraftservices.com', name='PROD'
[14:52:27] [Render thread/ERROR] (Minecraft) Failed to verify authentication
com.mojang.authlib.exceptions.InvalidCredentialsException: Status: 401
	at com.mojang.authlib.exceptions.MinecraftClientHttpException.toAuthenticationException(MinecraftClientHttpException.java:56) ~[authlib-3.3.39.jar:?]
	at com.mojang.authlib.yggdrasil.YggdrasilUserApiService.fetchProperties(YggdrasilUserApiService.java:132) ~[authlib-3.3.39.jar:?]
	at com.mojang.authlib.yggdrasil.YggdrasilUserApiService.<init>(YggdrasilUserApiService.java:44) ~[authlib-3.3.39.jar:?]
	at com.mojang.authlib.yggdrasil.YggdrasilAuthenticationService.createUserApiService(YggdrasilAuthenticationService.java:153) ~[authlib-3.3.39.jar:?]
	at net.minecraft.client.MinecraftClient.createUserApiService(MinecraftClient.java:673) [minecraft-project-@-merged-named.jar:?]
	at net.minecraft.client.MinecraftClient.<init>(MinecraftClient.java:495) [minecraft-project-@-merged-named.jar:?]
	at net.minecraft.client.main.Main.main(Main.java:178) [minecraft-project-@-merged-named.jar:?]
	at net.fabricmc.loader.impl.game.minecraft.MinecraftGameProvider.launch(MinecraftGameProvider.java:461) [fabric-loader-0.14.8.jar:?]
	at net.fabricmc.loader.impl.launch.knot.Knot.launch(Knot.java:74) [fabric-loader-0.14.8.jar:?]
	at net.fabricmc.loader.impl.launch.knot.KnotClient.main(KnotClient.java:23) [fabric-loader-0.14.8.jar:?]
	at net.fabricmc.devlaunchinjector.Main.main(Main.java:86) [dev-launch-injector-0.2.1+build.8.jar:?]
Caused by: com.mojang.authlib.exceptions.MinecraftClientHttpException: Status: 401
	at com.mojang.authlib.minecraft.client.MinecraftClient.readInputStream(MinecraftClient.java:78) ~[authlib-3.3.39.jar:?]
	at com.mojang.authlib.minecraft.client.MinecraftClient.get(MinecraftClient.java:48) ~[authlib-3.3.39.jar:?]
	at com.mojang.authlib.yggdrasil.YggdrasilUserApiService.fetchProperties(YggdrasilUserApiService.java:113) ~[authlib-3.3.39.jar:?]
	... 9 more
[14:52:27] [Render thread/INFO] (Minecraft) Setting user: Player908
[14:52:28] [Render thread/INFO] (REI) [REI] Config loaded.
[14:52:28] [Render thread/INFO] (REI) [REI] Registered plugin provider DefaultPlugin [roughlyenoughitems] for REIPlugin
[14:52:28] [Render thread/INFO] (REI) [REI] Registered plugin provider DefaultRuntimePlugin [roughlyenoughitems] for REIPlugin
[14:52:28] [Render thread/INFO] (REI) [REI] Registered plugin provider DefaultClientPlugin [roughlyenoughitems] for REIPlugin
[14:52:28] [Render thread/INFO] (REI) [REI] Registered plugin provider DefaultClientRuntimePlugin [roughlyenoughitems] for REIPlugin
[14:52:28] [Render thread/INFO] (REI) [REI] Registered plugin provider DefaultPlugin [roughlyenoughitems] for REIServerPlugin
[14:52:28] [Render thread/INFO] (REI) [REI] Registered plugin provider DefaultRuntimePlugin [roughlyenoughitems] for REIServerPlugin
[14:52:28] [Render thread/INFO] (REI) [REI] Registered plugin provider FabricFluidAPISupportPlugin for REIServerPlugin
[14:52:28] [Render thread/INFO] (REI) [REI] Registered plugin provider FabricFluidAPISupportPlugin for REIPlugin
[14:52:29] [Render thread/INFO] (REI) [REI] Registered plugin provider DefaultClientPlugin [roughlyenoughitems] for REIClientPlugin
[14:52:29] [Render thread/INFO] (REI) [REI] Registered plugin provider DefaultClientRuntimePlugin [roughlyenoughitems] for REIClientPlugin
[14:52:29] [Render thread/INFO] (Minecraft) [STDOUT]: [Mouse Tweaks] Main.initialize()
[14:52:29] [Render thread/INFO] (Minecraft) [STDOUT]: [Mouse Tweaks] Initialized.
[14:52:29] [Render thread/INFO] (betterf3) [BetterF3] Loading...
[14:52:29] [Render thread/INFO] (betterf3) [BetterF3] All done!
[14:52:29] [Render thread/INFO] (Indigo) [Indigo] Registering Indigo renderer!
[14:52:30] [Render thread/INFO] (Minecraft) Backend library: LWJGL version 3.2.2 build 10
[14:52:34] [Render thread/INFO] (Minecraft) Narrator library for x64 successfully loaded
[14:52:34] [Render thread/INFO] (Minecraft) Reloading ResourceManager: Default, Fabric Mods (Fabric Registry Sync (v0), Fabric Lifecycle Events (v1), Cardinal Components API (entities), Fabric Resource Conditions API (v1), Trinkets, Cloth Config v6, Fabric Rendering Fluids (v1), Fabric Object Builder API (v1), Fabric Resource Loader (v0), Roughly Enough Items, Fabric Item Groups (v0), Fabric BlockRenderLayer Registration (v1), Fabric Key Binding API (v1), Fabric Key Bindings (v0), Fabric API Base, Mod Menu, Fabric Networking API (v1), Fabric Command API (v1), Seafoam's Stuffs, Fabric Rendering Data Attachment (v1), Fabric Renderer API (v1), Fabric Game Test API (v1), Fabric Models (v0), Fabric Particles (v1), Fabric Networking (v0), Fabric Loot API (v2), Fabric Item API (v1), Fabric Crash Report Info (v1), Fabric Mining Level API (v1), Fabric Screen Handler API (v1), Fabric Events Interaction (v0), Fabric Commands (v0), BetterF3, Cosmetic Armor, Fabric Transfer API (v1), Fabric Content Registries (v0), Fabric Entity Events (v1), Fabric Containers (v0), Fabric Events Lifecycle (v0), Fabric Renderer - Indigo, Fabric Loader, Fabric Transitive Access Wideners (v1), Fabric Rendering (v1), Fabric Textures (v0), Fabric Game Rule API (v1), Fabric Data Generation API (v1), Fabric Dimensions API (v1), Fabric Renderer Registries (v1), Fabric Screen API (v1), Fabric Convention Tags, Fabric Rendering (v0), Fabric Biome API (v1), Fabric Language Kotlin, Fabric Loot Tables (v1), Fabric API Lookup API (v1), Fabric API, Cardinal Components API (base))
[14:52:36] [Realms Notification Availability checker #1/INFO] (Minecraft) Could not authorize you against Realms server: Invalid session id
[14:52:37] [Render thread/INFO] (Minecraft) OpenAL initialized on device OpenAL Soft on Headphones (Galaxy Buds+ (6352) Stereo)
[14:52:37] [Render thread/INFO] (Minecraft) Sound engine started
[14:52:38] [Render thread/INFO] (Minecraft) Created: 1024x1024x4 minecraft:textures/atlas/blocks.png-atlas
[14:52:38] [Render thread/INFO] (Minecraft) Created: 256x128x4 minecraft:textures/atlas/signs.png-atlas
[14:52:38] [Render thread/INFO] (Minecraft) Created: 1024x512x4 minecraft:textures/atlas/banner_patterns.png-atlas
[14:52:38] [Render thread/INFO] (Minecraft) Created: 1024x512x4 minecraft:textures/atlas/shield_patterns.png-atlas
[14:52:38] [Render thread/INFO] (Minecraft) Created: 256x256x4 minecraft:textures/atlas/chest.png-atlas
[14:52:38] [Render thread/INFO] (Minecraft) Created: 512x256x4 minecraft:textures/atlas/beds.png-atlas
[14:52:38] [Render thread/INFO] (Minecraft) Created: 512x256x4 minecraft:textures/atlas/shulker_boxes.png-atlas
[14:52:38] [Render thread/INFO] (Minecraft) Created: 256x256x0 minecraft:textures/atlas/particles.png-atlas
[14:52:38] [Render thread/INFO] (Minecraft) Created: 256x256x0 minecraft:textures/atlas/paintings.png-atlas
[14:52:38] [Render thread/INFO] (Minecraft) Created: 256x128x0 minecraft:textures/atlas/mob_effects.png-atlas
[14:52:43] [Render thread/WARN] (Minecraft) Ambiguity between arguments [teleport, location] and [teleport, destination] with inputs: [0.1 -0.5 .9, 0 0 0]
[14:52:43] [Render thread/WARN] (Minecraft) Ambiguity between arguments [teleport, location] and [teleport, targets] with inputs: [0.1 -0.5 .9, 0 0 0]
[14:52:43] [Render thread/WARN] (Minecraft) Ambiguity between arguments [teleport, destination] and [teleport, targets] with inputs: [Player, 0123, @e, dd12be42-52a9-4a91-a8a1-11c01849e498]
[14:52:43] [Render thread/WARN] (Minecraft) Ambiguity between arguments [teleport, targets] and [teleport, destination] with inputs: [Player, 0123, dd12be42-52a9-4a91-a8a1-11c01849e498]
[14:52:43] [Render thread/WARN] (Minecraft) Ambiguity between arguments [teleport, targets, location] and [teleport, targets, destination] with inputs: [0.1 -0.5 .9, 0 0 0]
[14:52:43] [Worker-Main-40/INFO] (REI) [REI] Processed 2 tags in 1.037 ms for minecraft:game_event
[14:52:43] [Worker-Main-32/INFO] (REI) [REI] Processed 5 tags in 1.002 ms for minecraft:enchantment
[14:52:43] [Worker-Main-42/INFO] (REI) [REI] Processed 0 tags in 9.300 ?s for minecraft:worldgen/configured_structure_feature
[14:52:43] [Worker-Main-35/INFO] (REI) [REI] Processed 13 tags in 648.0 ?s for minecraft:entity_type
[14:52:43] [Worker-Main-31/INFO] (REI) [REI] Processed 0 tags in 42.30 ?s for minecraft:worldgen/biome
[14:52:43] [Worker-Main-38/INFO] (REI) [REI] Processed 4 tags in 18.00 ?s for minecraft:fluid
[14:52:43] [Worker-Main-28/INFO] (REI) [REI] Processed 125 tags in 827.0 ?s for minecraft:item
[14:52:43] [Worker-Main-43/INFO] (REI) [REI] Processed 141 tags in 798.4 ?s for minecraft:block
[14:52:43] [Render thread/INFO] (Minecraft) Loaded 7 recipes
[14:52:43] [Render thread/INFO] (Minecraft) Loaded 1141 advancements
[14:52:44] [Render thread/INFO] (Minecraft) Environment: authHost='https://authserver.mojang.com', accountsHost='https://api.mojang.com', sessionHost='https://sessionserver.mojang.com', servicesHost='https://api.minecraftservices.com', name='PROD'
[14:52:44] [Render thread/INFO] (BiomeModificationImpl) Applied 1 biome modifications to 1 of 61 new biomes in 19.17 ms
[14:52:44] [Server thread/INFO] (Minecraft) Starting integrated minecraft server version 1.18.2
[14:52:44] [Server thread/INFO] (Minecraft) Generating keypair
[14:52:44] [Server thread/INFO] (Minecraft) Preparing start region for dimension minecraft:overworld
[14:52:45] [Render thread/INFO] (Minecraft) Preparing spawn area: 0%
[14:52:45] [Render thread/INFO] (Minecraft) Preparing spawn area: 0%
[14:52:45] [Render thread/INFO] (Minecraft) Preparing spawn area: 0%
[14:52:46] [Render thread/INFO] (Minecraft) Preparing spawn area: 19%
[14:52:46] [Render thread/INFO] (Minecraft) Time elapsed: 1834 ms
[14:52:46] [Server thread/INFO] (Minecraft) Changing view distance to 12, from 10
[14:52:46] [Server thread/INFO] (Minecraft) Changing simulation distance to 12, from 0
[14:52:47] [Server thread/INFO] (Minecraft) Player908[local:E:9cf77c2f] logged in with entity id 14 at (-4.412799522850674, -59.0, 4.075949484954734)
[14:52:47] [Server thread/INFO] (Minecraft) Player908 joined the game
[14:52:47] [REI-ReloadPlugins/INFO] (REI) [REI] Reloading Plugin Manager [REIPlugin] stage [START], registered 5 plugins: DefaultRuntimePlugin [roughlyenoughitems], DefaultClientRuntimePlugin [roughlyenoughitems], FabricFluidAPISupportPlugin, DefaultPlugin [roughlyenoughitems], DefaultClientPlugin [roughlyenoughitems]
[14:52:47] [REI-ReloadPlugins/INFO] (REI) [REI] Reloading Plugin Manager [REIClientPlugin] stage [START], registered 2 plugins: DefaultClientRuntimePlugin [roughlyenoughitems], DefaultClientPlugin [roughlyenoughitems]
[14:52:48] [REI-ReloadPlugins/INFO] (REI) [REI] Reloading Plugin Manager [REIServerPlugin] stage [START], registered 3 plugins: DefaultRuntimePlugin [roughlyenoughitems], FabricFluidAPISupportPlugin, DefaultPlugin [roughlyenoughitems]
[14:52:48] [REI-ReloadPlugins/INFO] (REI) [REI] Reloaded Plugin Manager [REIPlugin] with 2 entry types, 5 item comparators, 0 fluid comparators and 2 fluid support providers in 105ms.
[14:52:48] [REI-ReloadPlugins/INFO] (REI) [REI] Reloaded Plugin Manager [REIClientPlugin] with 1385 entries, 0 displays, 0 display visibility predicates, 0 categories (), 4 exclusion zones and 3 overlay deciders in 130ms.
[14:52:48] [REI-ReloadPlugins/INFO] (REI) [REI] Reloaded Plugin Manager [REIServerPlugin] with 0 menu infos in 3ms.
[14:52:48] [Render thread/WARN] (REI) [REI] Suppressing Reload Plugins of stage START
[14:52:48] [REI-ReloadPlugins/INFO] (REI) [REI] Reloading Plugin Manager [REIPlugin] stage [END], registered 5 plugins: DefaultRuntimePlugin [roughlyenoughitems], DefaultClientRuntimePlugin [roughlyenoughitems], FabricFluidAPISupportPlugin, DefaultPlugin [roughlyenoughitems], DefaultClientPlugin [roughlyenoughitems]
[14:52:48] [REI-ReloadPlugins/INFO] (REI) [REI] Reloading Plugin Manager [REIClientPlugin] stage [END], registered 2 plugins: DefaultClientRuntimePlugin [roughlyenoughitems], DefaultClientPlugin [roughlyenoughitems]
[14:52:48] [Render thread/INFO] (Minecraft) Loaded 11 advancements
[14:52:48] [REI-ReloadPlugins/INFO] (REI) [REI] Reloading Plugin Manager [REIServerPlugin] stage [END], registered 3 plugins: DefaultRuntimePlugin [roughlyenoughitems], FabricFluidAPISupportPlugin, DefaultPlugin [roughlyenoughitems]
[14:52:48] [REI-ReloadPlugins/INFO] (REI) [REI] Reloaded Plugin Manager [REIPlugin] with 2 entry types, 5 item comparators, 0 fluid comparators and 2 fluid support providers in 58ms.
[14:52:48] [REI-ReloadPlugins/INFO] (REI) [REI] Reloaded Plugin Manager [REIClientPlugin] with 1385 entries, 1883 displays, 1 display visibility predicates, 22 categories (Crafting, Smelting, Smoking, Blasting, Campfire, Stone Cutting, Fuel, Brewing, Composting, Stripping, Smithing, Anvil, Beacon Base, Beacon Payment, Tilling, Pathing, Waxing, Wax Scraping, Oxidizing, Oxidation Scraping, Information, Tag), 4 exclusion zones and 3 overlay deciders in 246ms.
[14:52:48] [REI-ReloadPlugins/INFO] (REI) [REI] Reloaded Plugin Manager [REIServerPlugin] with 4 menu infos in 12ms.
[14:54:08] [Server thread/INFO] (Minecraft) Saving and pausing game...
[14:54:08] [Server thread/INFO] (Minecraft) Saving chunks for level 'ServerLevel[Eep]'/minecraft:overworld
[14:54:08] [Server thread/INFO] (Minecraft) Saving chunks for level 'ServerLevel[Eep]'/minecraft:the_nether
[14:54:08] [Server thread/INFO] (Minecraft) Saving chunks for level 'ServerLevel[Eep]'/minecraft:the_end
[14:56:56] [Server thread/INFO] (Minecraft) Saving and pausing game...
[14:56:56] [Server thread/INFO] (Minecraft) Saving chunks for level 'ServerLevel[Eep]'/minecraft:overworld
[14:56:56] [Server thread/INFO] (Minecraft) Saving chunks for level 'ServerLevel[Eep]'/minecraft:the_nether
[14:56:56] [Server thread/INFO] (Minecraft) Saving chunks for level 'ServerLevel[Eep]'/minecraft:the_end
[14:56:57] [Server thread/INFO] (Minecraft) Player908 lost connection: Disconnected
[14:56:57] [Server thread/INFO] (Minecraft) Player908 left the game
[14:56:57] [Server thread/INFO] (Minecraft) Stopping singleplayer server as player logged out
[14:56:57] [Server thread/INFO] (Minecraft) Stopping server
[14:56:57] [Server thread/INFO] (Minecraft) Saving players
[14:56:57] [Server thread/INFO] (Minecraft) Saving worlds
[14:56:57] [Server thread/INFO] (Minecraft) Saving chunks for level 'ServerLevel[Eep]'/minecraft:overworld
[14:56:58] [Server thread/INFO] (Minecraft) Saving chunks for level 'ServerLevel[Eep]'/minecraft:the_nether
[14:56:58] [Server thread/INFO] (Minecraft) Saving chunks for level 'ServerLevel[Eep]'/minecraft:the_end
[14:56:58] [Server thread/INFO] (Minecraft) ThreadedAnvilChunkStorage (Eep): All chunks are saved
[14:56:58] [Server thread/INFO] (Minecraft) ThreadedAnvilChunkStorage (DIM-1): All chunks are saved
[14:56:58] [Server thread/INFO] (Minecraft) ThreadedAnvilChunkStorage (DIM1): All chunks are saved
[14:56:58] [Server thread/INFO] (Minecraft) ThreadedAnvilChunkStorage: All dimensions are saved
[14:56:59] [Render thread/INFO] (Minecraft) Stopping!
